Duplicated file found; will not be sent for synthesis: /home/patmos/t-crest/patmos/hardware/vivado/minver_float_1b_32x32_buffer/minver_float.srcs/sources_1/ip/minver_hwa_ap_dcmp_0_no_dsp_64/hdl/xbip_utils_v3_0_vh_rfs.vhd
Duplicated file found; will not be sent for synthesis: /home/patmos/t-crest/patmos/hardware/vivado/minver_float_1b_32x32_buffer/minver_float.srcs/sources_1/ip/minver_hwa_ap_dcmp_0_no_dsp_64/hdl/axi_utils_v2_0_vh_rfs.vhd
Duplicated file found; will not be sent for synthesis: /home/patmos/t-crest/patmos/hardware/vivado/minver_float_1b_32x32_buffer/minver_float.srcs/sources_1/ip/minver_hwa_ap_dcmp_0_no_dsp_64/hdl/xbip_pipe_v3_0_vh_rfs.vhd
Duplicated file found; will not be sent for synthesis: /home/patmos/t-crest/patmos/hardware/vivado/minver_float_1b_32x32_buffer/minver_float.srcs/sources_1/ip/minver_hwa_ap_dcmp_0_no_dsp_64/hdl/xbip_dsp48_wrapper_v3_0_vh_rfs.vhd
Duplicated file found; will not be sent for synthesis: /home/patmos/t-crest/patmos/hardware/vivado/minver_float_1b_32x32_buffer/minver_float.srcs/sources_1/ip/minver_hwa_ap_dcmp_0_no_dsp_64/hdl/xbip_dsp48_addsub_v3_0_vh_rfs.vhd
Duplicated file found; will not be sent for synthesis: /home/patmos/t-crest/patmos/hardware/vivado/minver_float_1b_32x32_buffer/minver_float.srcs/sources_1/ip/minver_hwa_ap_dcmp_0_no_dsp_64/hdl/xbip_dsp48_multadd_v3_0_vh_rfs.vhd
Duplicated file found; will not be sent for synthesis: /home/patmos/t-crest/patmos/hardware/vivado/minver_float_1b_32x32_buffer/minver_float.srcs/sources_1/ip/minver_hwa_ap_dcmp_0_no_dsp_64/hdl/xbip_bram18k_v3_0_vh_rfs.vhd
Duplicated file found; will not be sent for synthesis: /home/patmos/t-crest/patmos/hardware/vivado/minver_float_1b_32x32_buffer/minver_float.srcs/sources_1/ip/minver_hwa_ap_dcmp_0_no_dsp_64/hdl/mult_gen_v12_0_vh_rfs.vhd
Duplicated file found; will not be sent for synthesis: /home/patmos/t-crest/patmos/hardware/vivado/minver_float_1b_32x32_buffer/minver_float.srcs/sources_1/ip/minver_hwa_ap_dcmp_0_no_dsp_64/hdl/floating_point_v7_1_vh_rfs.vhd
Duplicated file found; will not be sent for synthesis: /home/patmos/t-crest/patmos/hardware/vivado/minver_float_1b_32x32_buffer/minver_float.srcs/sources_1/ip/minver_hwa_ap_fpext_0_no_dsp_32/hdl/xbip_utils_v3_0_vh_rfs.vhd
Duplicated file found; will not be sent for synthesis: /home/patmos/t-crest/patmos/hardware/vivado/minver_float_1b_32x32_buffer/minver_float.srcs/sources_1/ip/minver_hwa_ap_fpext_0_no_dsp_32/hdl/axi_utils_v2_0_vh_rfs.vhd
Duplicated file found; will not be sent for synthesis: /home/patmos/t-crest/patmos/hardware/vivado/minver_float_1b_32x32_buffer/minver_float.srcs/sources_1/ip/minver_hwa_ap_fpext_0_no_dsp_32/hdl/xbip_pipe_v3_0_vh_rfs.vhd
Duplicated file found; will not be sent for synthesis: /home/patmos/t-crest/patmos/hardware/vivado/minver_float_1b_32x32_buffer/minver_float.srcs/sources_1/ip/minver_hwa_ap_fpext_0_no_dsp_32/hdl/xbip_dsp48_wrapper_v3_0_vh_rfs.vhd
Duplicated file found; will not be sent for synthesis: /home/patmos/t-crest/patmos/hardware/vivado/minver_float_1b_32x32_buffer/minver_float.srcs/sources_1/ip/minver_hwa_ap_fpext_0_no_dsp_32/hdl/xbip_dsp48_addsub_v3_0_vh_rfs.vhd
Duplicated file found; will not be sent for synthesis: /home/patmos/t-crest/patmos/hardware/vivado/minver_float_1b_32x32_buffer/minver_float.srcs/sources_1/ip/minver_hwa_ap_fpext_0_no_dsp_32/hdl/xbip_dsp48_multadd_v3_0_vh_rfs.vhd
Duplicated file found; will not be sent for synthesis: /home/patmos/t-crest/patmos/hardware/vivado/minver_float_1b_32x32_buffer/minver_float.srcs/sources_1/ip/minver_hwa_ap_fpext_0_no_dsp_32/hdl/xbip_bram18k_v3_0_vh_rfs.vhd
Duplicated file found; will not be sent for synthesis: /home/patmos/t-crest/patmos/hardware/vivado/minver_float_1b_32x32_buffer/minver_float.srcs/sources_1/ip/minver_hwa_ap_fpext_0_no_dsp_32/hdl/mult_gen_v12_0_vh_rfs.vhd
Duplicated file found; will not be sent for synthesis: /home/patmos/t-crest/patmos/hardware/vivado/minver_float_1b_32x32_buffer/minver_float.srcs/sources_1/ip/minver_hwa_ap_fpext_0_no_dsp_32/hdl/floating_point_v7_1_vh_rfs.vhd
Duplicated file found; will not be sent for synthesis: /home/patmos/t-crest/patmos/hardware/vivado/minver_float_1b_32x32_buffer/minver_float.srcs/sources_1/ip/minver_hwa_ap_fdiv_14_no_dsp_32/hdl/xbip_utils_v3_0_vh_rfs.vhd
Duplicated file found; will not be sent for synthesis: /home/patmos/t-crest/patmos/hardware/vivado/minver_float_1b_32x32_buffer/minver_float.srcs/sources_1/ip/minver_hwa_ap_fdiv_14_no_dsp_32/hdl/axi_utils_v2_0_vh_rfs.vhd
Duplicated file found; will not be sent for synthesis: /home/patmos/t-crest/patmos/hardware/vivado/minver_float_1b_32x32_buffer/minver_float.srcs/sources_1/ip/minver_hwa_ap_fdiv_14_no_dsp_32/hdl/xbip_pipe_v3_0_vh_rfs.vhd
Duplicated file found; will not be sent for synthesis: /home/patmos/t-crest/patmos/hardware/vivado/minver_float_1b_32x32_buffer/minver_float.srcs/sources_1/ip/minver_hwa_ap_fdiv_14_no_dsp_32/hdl/xbip_dsp48_wrapper_v3_0_vh_rfs.vhd
Duplicated file found; will not be sent for synthesis: /home/patmos/t-crest/patmos/hardware/vivado/minver_float_1b_32x32_buffer/minver_float.srcs/sources_1/ip/minver_hwa_ap_fdiv_14_no_dsp_32/hdl/xbip_dsp48_addsub_v3_0_vh_rfs.vhd
Duplicated file found; will not be sent for synthesis: /home/patmos/t-crest/patmos/hardware/vivado/minver_float_1b_32x32_buffer/minver_float.srcs/sources_1/ip/minver_hwa_ap_fdiv_14_no_dsp_32/hdl/xbip_dsp48_multadd_v3_0_vh_rfs.vhd
Duplicated file found; will not be sent for synthesis: /home/patmos/t-crest/patmos/hardware/vivado/minver_float_1b_32x32_buffer/minver_float.srcs/sources_1/ip/minver_hwa_ap_fdiv_14_no_dsp_32/hdl/xbip_bram18k_v3_0_vh_rfs.vhd
Duplicated file found; will not be sent for synthesis: /home/patmos/t-crest/patmos/hardware/vivado/minver_float_1b_32x32_buffer/minver_float.srcs/sources_1/ip/minver_hwa_ap_fdiv_14_no_dsp_32/hdl/mult_gen_v12_0_vh_rfs.vhd
Duplicated file found; will not be sent for synthesis: /home/patmos/t-crest/patmos/hardware/vivado/minver_float_1b_32x32_buffer/minver_float.srcs/sources_1/ip/minver_hwa_ap_fdiv_14_no_dsp_32/hdl/floating_point_v7_1_vh_rfs.vhd
Duplicated file found; will not be sent for synthesis: /home/patmos/t-crest/patmos/hardware/vivado/minver_float_1b_32x32_buffer/minver_float.srcs/sources_1/ip/minver_hwa_ap_fsub_3_full_dsp_32/hdl/xbip_utils_v3_0_vh_rfs.vhd
Duplicated file found; will not be sent for synthesis: /home/patmos/t-crest/patmos/hardware/vivado/minver_float_1b_32x32_buffer/minver_float.srcs/sources_1/ip/minver_hwa_ap_fsub_3_full_dsp_32/hdl/axi_utils_v2_0_vh_rfs.vhd
Duplicated file found; will not be sent for synthesis: /home/patmos/t-crest/patmos/hardware/vivado/minver_float_1b_32x32_buffer/minver_float.srcs/sources_1/ip/minver_hwa_ap_fsub_3_full_dsp_32/hdl/xbip_pipe_v3_0_vh_rfs.vhd
Duplicated file found; will not be sent for synthesis: /home/patmos/t-crest/patmos/hardware/vivado/minver_float_1b_32x32_buffer/minver_float.srcs/sources_1/ip/minver_hwa_ap_fsub_3_full_dsp_32/hdl/xbip_dsp48_wrapper_v3_0_vh_rfs.vhd
Duplicated file found; will not be sent for synthesis: /home/patmos/t-crest/patmos/hardware/vivado/minver_float_1b_32x32_buffer/minver_float.srcs/sources_1/ip/minver_hwa_ap_fsub_3_full_dsp_32/hdl/xbip_dsp48_addsub_v3_0_vh_rfs.vhd
Duplicated file found; will not be sent for synthesis: /home/patmos/t-crest/patmos/hardware/vivado/minver_float_1b_32x32_buffer/minver_float.srcs/sources_1/ip/minver_hwa_ap_fsub_3_full_dsp_32/hdl/xbip_dsp48_multadd_v3_0_vh_rfs.vhd
Duplicated file found; will not be sent for synthesis: /home/patmos/t-crest/patmos/hardware/vivado/minver_float_1b_32x32_buffer/minver_float.srcs/sources_1/ip/minver_hwa_ap_fsub_3_full_dsp_32/hdl/xbip_bram18k_v3_0_vh_rfs.vhd
Duplicated file found; will not be sent for synthesis: /home/patmos/t-crest/patmos/hardware/vivado/minver_float_1b_32x32_buffer/minver_float.srcs/sources_1/ip/minver_hwa_ap_fsub_3_full_dsp_32/hdl/mult_gen_v12_0_vh_rfs.vhd
Duplicated file found; will not be sent for synthesis: /home/patmos/t-crest/patmos/hardware/vivado/minver_float_1b_32x32_buffer/minver_float.srcs/sources_1/ip/minver_hwa_ap_fsub_3_full_dsp_32/hdl/floating_point_v7_1_vh_rfs.vhd
Duplicated file found; will not be sent for synthesis: /home/patmos/t-crest/patmos/hardware/vivado/minver_float_1b_32x32_buffer/minver_float.srcs/sources_1/ip/minver_hwa_ap_fcmp_0_no_dsp_32/hdl/xbip_utils_v3_0_vh_rfs.vhd
Duplicated file found; will not be sent for synthesis: /home/patmos/t-crest/patmos/hardware/vivado/minver_float_1b_32x32_buffer/minver_float.srcs/sources_1/ip/minver_hwa_ap_fcmp_0_no_dsp_32/hdl/axi_utils_v2_0_vh_rfs.vhd
Duplicated file found; will not be sent for synthesis: /home/patmos/t-crest/patmos/hardware/vivado/minver_float_1b_32x32_buffer/minver_float.srcs/sources_1/ip/minver_hwa_ap_fcmp_0_no_dsp_32/hdl/xbip_pipe_v3_0_vh_rfs.vhd
Duplicated file found; will not be sent for synthesis: /home/patmos/t-crest/patmos/hardware/vivado/minver_float_1b_32x32_buffer/minver_float.srcs/sources_1/ip/minver_hwa_ap_fcmp_0_no_dsp_32/hdl/xbip_dsp48_wrapper_v3_0_vh_rfs.vhd
Duplicated file found; will not be sent for synthesis: /home/patmos/t-crest/patmos/hardware/vivado/minver_float_1b_32x32_buffer/minver_float.srcs/sources_1/ip/minver_hwa_ap_fcmp_0_no_dsp_32/hdl/xbip_dsp48_addsub_v3_0_vh_rfs.vhd
Duplicated file found; will not be sent for synthesis: /home/patmos/t-crest/patmos/hardware/vivado/minver_float_1b_32x32_buffer/minver_float.srcs/sources_1/ip/minver_hwa_ap_fcmp_0_no_dsp_32/hdl/xbip_dsp48_multadd_v3_0_vh_rfs.vhd
Duplicated file found; will not be sent for synthesis: /home/patmos/t-crest/patmos/hardware/vivado/minver_float_1b_32x32_buffer/minver_float.srcs/sources_1/ip/minver_hwa_ap_fcmp_0_no_dsp_32/hdl/xbip_bram18k_v3_0_vh_rfs.vhd
Duplicated file found; will not be sent for synthesis: /home/patmos/t-crest/patmos/hardware/vivado/minver_float_1b_32x32_buffer/minver_float.srcs/sources_1/ip/minver_hwa_ap_fcmp_0_no_dsp_32/hdl/mult_gen_v12_0_vh_rfs.vhd
Duplicated file found; will not be sent for synthesis: /home/patmos/t-crest/patmos/hardware/vivado/minver_float_1b_32x32_buffer/minver_float.srcs/sources_1/ip/minver_hwa_ap_fcmp_0_no_dsp_32/hdl/floating_point_v7_1_vh_rfs.vhd
CRC performance measure: elapsed=00:00:00.13s;;memory_peak=1652.879MB;;memory_gain=0.000MB
